<?xml version="1.0" encoding="UTF-8"?>
<!-- Generated by org.testng.reporters.JUnitXMLReporter -->
<testsuite hostname="LAPTOP-7E8MEQAQ" ignored="1" name="Default test" tests="4" failures="0" timestamp="2022-04-20T09:54:17 IST" time="0.069" errors="0">
  <testcase name="baseTest" time="0.01" classname="autotest.TestNGAttributes"/>
  <testcase name="invocationCountTest" time="0.002" classname="autotest.TestNGAttributes"/>
  <testcase name="firstDependentTest" time="0.001" classname="autotest.TestNGAttributes"/>
  <testcase name="secondDependentTest" time="0.002" classname="autotest.TestNGAttributes"/>
  <testcase name="disabledTest" time="0.0" classname="autotest.TestNGAttributes">
    <ignored/>
  </testcase> <!-- disabledTest -->
</testsuite> <!-- Default test -->
