<?xml version="1.0" encoding="UTF-8"?>
<testng-results skipped="0" failed="0" ignored="1" total="5" passed="4">
  <reporter-output>
  </reporter-output>
  <suite name="Default suite" duration-ms="69" started-at="2022-04-20T09:54:17 IST" finished-at="2022-04-20T09:54:17 IST">
    <groups>
      <group name="testngAttributes">
        <method signature="TestNGAttributes.baseTest()[pri:0, instance:autotest.TestNGAttributes@32eebfca]" name="baseTest" class="autotest.TestNGAttributes"/>
        <method signature="TestNGAttributes.firstDependentTest()[pri:0, instance:autotest.TestNGAttributes@32eebfca]" name="firstDependentTest" class="autotest.TestNGAttributes"/>
        <method signature="TestNGAttributes.secondDependentTest()[pri:0, instance:autotest.TestNGAttributes@32eebfca]" name="secondDependentTest" class="autotest.TestNGAttributes"/>
        <method signature="TestNGAttributes.invocationCountTest()[pri:0, instance:autotest.TestNGAttributes@32eebfca]" name="invocationCountTest" class="autotest.TestNGAttributes"/>
      </group> <!-- testngAttributes -->
    </groups>
    <test name="Default test" duration-ms="69" started-at="2022-04-20T09:54:17 IST" finished-at="2022-04-20T09:54:17 IST">
      <class name="autotest.TestNGAttributes">
        <test-method status="PASS" signature="baseTest()[pri:0, instance:autotest.TestNGAttributes@32eebfca]" name="baseTest" duration-ms="10" started-at="2022-04-20T09:54:17 IST" finished-at="2022-04-20T09:54:17 IST">
          <reporter-output>
          </reporter-output>
        </test-method> <!-- baseTest -->
        <test-method status="PASS" signature="invocationCountTest()[pri:0, instance:autotest.TestNGAttributes@32eebfca]" name="invocationCountTest" duration-ms="2" started-at="2022-04-20T09:54:17 IST" finished-at="2022-04-20T09:54:17 IST">
          <reporter-output>
          </reporter-output>
        </test-method> <!-- invocationCountTest -->
        <test-method status="PASS" signature="firstDependentTest()[pri:0, instance:autotest.TestNGAttributes@32eebfca]" name="firstDependentTest" duration-ms="1" started-at="2022-04-20T09:54:17 IST" depends-on-methods="autotest.TestNGAttributes.baseTest" finished-at="2022-04-20T09:54:17 IST">
          <reporter-output>
          </reporter-output>
        </test-method> <!-- firstDependentTest -->
        <test-method status="PASS" signature="secondDependentTest()[pri:0, instance:autotest.TestNGAttributes@32eebfca]" name="secondDependentTest" duration-ms="2" started-at="2022-04-20T09:54:17 IST" depends-on-methods="autotest.TestNGAttributes.baseTest" finished-at="2022-04-20T09:54:17 IST">
          <reporter-output>
          </reporter-output>
        </test-method> <!-- secondDependentTest -->
      </class> <!-- autotest.TestNGAttributes -->
    </test> <!-- Default test -->
  </suite> <!-- Default suite -->
</testng-results>
